<?xml version="1.0" encoding="UTF-8"?>
<!-- Generated by org.testng.reporters.JUnitXMLReporter -->
<testsuite ignored="0" hostname="Prashant" failures="0" tests="4" name="Default test" time="37.105" errors="0" timestamp="2025-08-01T01:13:07 IST">
  <testcase classname="eCommerceSeleniumFrameworkDesign1.Tests.SubmitOrderTest" name="submitOrder" time="5.922"/>
  <testcase classname="eCommerceSeleniumFrameworkDesign1.Tests.SubmitOrderTest" name="submitOrder" time="6.159"/>
  <testcase classname="eCommerceSeleniumFrameworkDesign1.Tests.SubmitOrderTest" name="OrderHistoryTest" time="1.874"/>
  <testcase classname="eCommerceSeleniumFrameworkDesign1.Tests.SubmitOrderTest" name="OrderHistoryTest" time="1.449"/>
</testsuite> <!-- Default test -->
