<?xml version="1.0" encoding="UTF-8"?>
<!-- Generated by org.testng.reporters.JUnitXMLReporter -->
<testsuite ignored="0" hostname="Prashant" failures="0" tests="2" name="Error Validations Test" time="22.341" errors="0" timestamp="2025-08-01T01:14:22 IST">
  <testcase classname="eCommerceSeleniumFrameworkDesign1.Tests.ErrorValidationsTest" name="LoginErrorValidation" time="4.394"/>
  <testcase classname="eCommerceSeleniumFrameworkDesign1.Tests.ErrorValidationsTest" name="productErrorValidation" time="10.071"/>
</testsuite> <!-- Error Validations Test -->
