<?xml version="1.0" encoding="UTF-8"?>
<!-- Generated by org.testng.reporters.JUnitXMLReporter -->
<testsuite ignored="0" hostname="Prashant" failures="0" tests="4" name="Submit Order Test" time="39.676" errors="0" timestamp="2025-08-01T01:14:39 IST">
  <testcase classname="eCommerceSeleniumFrameworkDesign1.Tests.SubmitOrderTest" name="submitOrder" time="6.164"/>
  <testcase classname="eCommerceSeleniumFrameworkDesign1.Tests.SubmitOrderTest" name="submitOrder" time="6.441"/>
  <testcase classname="eCommerceSeleniumFrameworkDesign1.Tests.SubmitOrderTest" name="OrderHistoryTest" time="3.825"/>
  <testcase classname="eCommerceSeleniumFrameworkDesign1.Tests.SubmitOrderTest" name="OrderHistoryTest" time="2.083"/>
</testsuite> <!-- Submit Order Test -->
