<?xml version="1.0" encoding="UTF-8"?>
<testng-results ignored="0" total="6" passed="6" failed="0" skipped="0">
  <reporter-output>
  </reporter-output>
  <suite started-at="2025-08-01T01:13:59 IST" name="Suite" finished-at="2025-08-01T01:14:39 IST" duration-ms="39676">
    <groups>
      <group name="ErrorHandling">
        <method signature="ErrorValidationsTest.LoginErrorValidation()[pri:0, instance:eCommerceSeleniumFrameworkDesign1.Tests.ErrorValidationsTest@dc7df28]" name="LoginErrorValidation" class="eCommerceSeleniumFrameworkDesign1.Tests.ErrorValidationsTest"/>
      </group> <!-- ErrorHandling -->
      <group name="purchase">
        <method signature="SubmitOrderTest.submitOrder(java.util.HashMap)[pri:0, instance:eCommerceSeleniumFrameworkDesign1.Tests.SubmitOrderTest@5b247367]" name="submitOrder" class="eCommerceSeleniumFrameworkDesign1.Tests.SubmitOrderTest"/>
      </group> <!-- purchase -->
    </groups>
    <test started-at="2025-08-01T01:13:59 IST" name="Error Validations Test" finished-at="2025-08-01T01:14:22 IST" duration-ms="22341">
      <class name="eCommerceSeleniumFrameworkDesign1.Tests.ErrorValidationsTest">
        <test-method is-config="true" signature="launchApplication()[pri:0, instance:eCommerceSeleniumFrameworkDesign1.Tests.ErrorValidationsTest@dc7df28]" started-at="2025-08-01T01:14:00 IST" name="launchApplication" finished-at="2025-08-01T01:14:05 IST" duration-ms="5401" status="PASS">
          <reporter-output>
          </reporter-output>
        </test-method> <!-- launchApplication -->
        <test-method signature="LoginErrorValidation()[pri:0, instance:eCommerceSeleniumFrameworkDesign1.Tests.ErrorValidationsTest@dc7df28]" started-at="2025-08-01T01:14:05 IST" name="LoginErrorValidation" finished-at="2025-08-01T01:14:09 IST" duration-ms="4394" status="PASS">
          <reporter-output>
          </reporter-output>
        </test-method> <!-- LoginErrorValidation -->
        <test-method is-config="true" signature="launchApplication()[pri:0, instance:eCommerceSeleniumFrameworkDesign1.Tests.ErrorValidationsTest@dc7df28]" started-at="2025-08-01T01:14:09 IST" name="launchApplication" finished-at="2025-08-01T01:14:12 IST" duration-ms="2347" status="PASS">
          <reporter-output>
          </reporter-output>
        </test-method> <!-- launchApplication -->
        <test-method signature="productErrorValidation()[pri:0, instance:eCommerceSeleniumFrameworkDesign1.Tests.ErrorValidationsTest@dc7df28]" started-at="2025-08-01T01:14:12 IST" name="productErrorValidation" finished-at="2025-08-01T01:14:22 IST" duration-ms="10071" status="PASS">
          <reporter-output>
          </reporter-output>
        </test-method> <!-- productErrorValidation -->
      </class> <!-- eCommerceSeleniumFrameworkDesign1.Tests.ErrorValidationsTest -->
    </test> <!-- Error Validations Test -->
    <test started-at="2025-08-01T01:13:59 IST" name="Submit Order Test" finished-at="2025-08-01T01:14:39 IST" duration-ms="39676">
      <class name="eCommerceSeleniumFrameworkDesign1.Tests.SubmitOrderTest">
        <test-method is-config="true" signature="launchApplication()[pri:0, instance:eCommerceSeleniumFrameworkDesign1.Tests.SubmitOrderTest@5b247367]" started-at="2025-08-01T01:14:00 IST" name="launchApplication" finished-at="2025-08-01T01:14:07 IST" duration-ms="7109" status="PASS">
          <reporter-output>
          </reporter-output>
        </test-method> <!-- launchApplication -->
        <test-method signature="submitOrder(java.util.HashMap)[pri:0, instance:eCommerceSeleniumFrameworkDesign1.Tests.SubmitOrderTest@5b247367]" started-at="2025-08-01T01:14:07 IST" name="submitOrder" data-provider="getData" finished-at="2025-08-01T01:14:13 IST" duration-ms="6164" status="PASS">
          <params>
            <param index="0">
              <value>
                <![CDATA[{password=Piyush781@, product=AUTOMATION, email=pandeypiyush781@gmail.com}]]>
              </value>
            </param>
          </params>
          <reporter-output>
          </reporter-output>
        </test-method> <!-- submitOrder -->
        <test-method is-config="true" signature="launchApplication()[pri:0, instance:eCommerceSeleniumFrameworkDesign1.Tests.SubmitOrderTest@5b247367]" started-at="2025-08-01T01:14:13 IST" name="launchApplication" finished-at="2025-08-01T01:14:18 IST" duration-ms="5585" status="PASS">
          <reporter-output>
          </reporter-output>
        </test-method> <!-- launchApplication -->
        <test-method signature="submitOrder(java.util.HashMap)[pri:0, instance:eCommerceSeleniumFrameworkDesign1.Tests.SubmitOrderTest@5b247367]" started-at="2025-08-01T01:14:18 IST" name="submitOrder" data-provider="getData" finished-at="2025-08-01T01:14:25 IST" duration-ms="6441" status="PASS">
          <params>
            <param index="0">
              <value>
                <![CDATA[{password=Piyush781@, product=AUTOMATION, email=pandeypiyush781@gmail.com}]]>
              </value>
            </param>
          </params>
          <reporter-output>
          </reporter-output>
        </test-method> <!-- submitOrder -->
        <test-method is-config="true" signature="launchApplication()[pri:0, instance:eCommerceSeleniumFrameworkDesign1.Tests.SubmitOrderTest@5b247367]" started-at="2025-08-01T01:14:25 IST" name="launchApplication" finished-at="2025-08-01T01:14:28 IST" duration-ms="2802" status="PASS">
          <reporter-output>
          </reporter-output>
        </test-method> <!-- launchApplication -->
        <test-method signature="OrderHistoryTest(java.util.HashMap)[pri:0, instance:eCommerceSeleniumFrameworkDesign1.Tests.SubmitOrderTest@5b247367]" started-at="2025-08-01T01:14:28 IST" name="OrderHistoryTest" data-provider="getData" finished-at="2025-08-01T01:14:31 IST" depends-on-methods="eCommerceSeleniumFrameworkDesign1.Tests.SubmitOrderTest.submitOrder" duration-ms="3825" status="PASS">
          <params>
            <param index="0">
              <value>
                <![CDATA[{password=Piyush781@, product=AUTOMATION, email=pandeypiyush781@gmail.com}]]>
              </value>
            </param>
          </params>
          <reporter-output>
          </reporter-output>
        </test-method> <!-- OrderHistoryTest -->
        <test-method is-config="true" signature="launchApplication()[pri:0, instance:eCommerceSeleniumFrameworkDesign1.Tests.SubmitOrderTest@5b247367]" started-at="2025-08-01T01:14:31 IST" name="launchApplication" finished-at="2025-08-01T01:14:37 IST" duration-ms="5549" status="PASS">
          <reporter-output>
          </reporter-output>
        </test-method> <!-- launchApplication -->
        <test-method signature="OrderHistoryTest(java.util.HashMap)[pri:0, instance:eCommerceSeleniumFrameworkDesign1.Tests.SubmitOrderTest@5b247367]" started-at="2025-08-01T01:14:37 IST" name="OrderHistoryTest" data-provider="getData" finished-at="2025-08-01T01:14:39 IST" depends-on-methods="eCommerceSeleniumFrameworkDesign1.Tests.SubmitOrderTest.submitOrder" duration-ms="2083" status="PASS">
          <params>
            <param index="0">
              <value>
                <![CDATA[{password=Piyush781@, product=AUTOMATION, email=pandeypiyush781@gmail.com}]]>
              </value>
            </param>
          </params>
          <reporter-output>
          </reporter-output>
        </test-method> <!-- OrderHistoryTest -->
      </class> <!-- eCommerceSeleniumFrameworkDesign1.Tests.SubmitOrderTest -->
    </test> <!-- Submit Order Test -->
  </suite> <!-- Suite -->
</testng-results>
