<?xml version="1.0" encoding="UTF-8"?>
<testng-results ignored="0" total="1" passed="1" failed="0" skipped="0">
  <reporter-output>
  </reporter-output>
  <suite started-at="2025-10-15T00:09:23 IST" name="Default suite" finished-at="2025-10-15T00:09:42 IST" duration-ms="18701">
    <groups>
    </groups>
    <test started-at="2025-10-15T00:09:23 IST" name="Default test" finished-at="2025-10-15T00:09:42 IST" duration-ms="18701">
      <class name="NOBroker.nobroker.in.NoBroker">
        <test-method is-config="true" signature="setup()[pri:0, instance:NOBroker.nobroker.in.NoBroker@647e447]" started-at="2025-10-15T00:09:23 IST" name="setup" finished-at="2025-10-15T00:09:27 IST" duration-ms="3913" status="PASS">
          <reporter-output>
          </reporter-output>
        </test-method> <!-- setup -->
        <test-method signature="verifyLoginAndAlignment()[pri:1, instance:NOBroker.nobroker.in.NoBroker@647e447]" started-at="2025-10-15T00:09:27 IST" name="verifyLoginAndAlignment" description="Verify Image and Text alignment with login as Customer" finished-at="2025-10-15T00:09:42 IST" duration-ms="14397" status="PASS">
          <reporter-output>
          </reporter-output>
        </test-method> <!-- verifyLoginAndAlignment -->
        <test-method is-config="true" signature="tearDown()[pri:0, instance:NOBroker.nobroker.in.NoBroker@647e447]" started-at="2025-10-15T00:09:42 IST" name="tearDown" finished-at="2025-10-15T00:09:42 IST" duration-ms="349" status="PASS">
          <reporter-output>
          </reporter-output>
        </test-method> <!-- tearDown -->
      </class> <!-- NOBroker.nobroker.in.NoBroker -->
    </test> <!-- Default test -->
  </suite> <!-- Default suite -->
</testng-results>
