<?xml version="1.0" encoding="UTF-8"?>
<testng-results ignored="0" total="1" passed="1" failed="0" skipped="0">
  <reporter-output>
  </reporter-output>
  <suite started-at="2025-10-15T01:31:00 IST" name="Suite" finished-at="2025-10-15T01:31:18 IST" duration-ms="17624">
    <groups>
    </groups>
    <test started-at="2025-10-15T01:31:00 IST" name="Test" finished-at="2025-10-15T01:31:18 IST" duration-ms="17624">
      <class name="NOBroker.nobroker.in.NoBroker">
        <test-method is-config="true" signature="setup()[pri:0, instance:NOBroker.nobroker.in.NoBroker@647e447]" started-at="2025-10-15T01:31:00 IST" name="setup" finished-at="2025-10-15T01:31:04 IST" duration-ms="3325" status="PASS">
          <reporter-output>
          </reporter-output>
        </test-method> <!-- setup -->
        <test-method signature="verifyLoginAndAlignment()[pri:1, instance:NOBroker.nobroker.in.NoBroker@647e447]" started-at="2025-10-15T01:31:04 IST" name="verifyLoginAndAlignment" description="Verify Image and Text alignment with login as Customer" finished-at="2025-10-15T01:31:18 IST" duration-ms="13990" status="PASS">
          <reporter-output>
          </reporter-output>
        </test-method> <!-- verifyLoginAndAlignment -->
        <test-method is-config="true" signature="tearDown()[pri:0, instance:NOBroker.nobroker.in.NoBroker@647e447]" started-at="2025-10-15T01:31:18 IST" name="tearDown" finished-at="2025-10-15T01:31:18 IST" duration-ms="257" status="PASS">
          <reporter-output>
          </reporter-output>
        </test-method> <!-- tearDown -->
      </class> <!-- NOBroker.nobroker.in.NoBroker -->
    </test> <!-- Test -->
  </suite> <!-- Suite -->
</testng-results>
